<?xml version="1.0" encoding="UTF-8"?>
<!-- Generated by org.testng.reporters.JUnitReportReporter -->
<testsuite skipped="0" hostname="DESKTOP-IHUQAF1" name="aspire.odoo.Order_01_Create_Product_And_Manufacturing_Order" tests="2" failures="0" timestamp="15 Mar 2022 13:21:23 GMT" time="0.025" errors="0">
  <testcase name="TC_01_Create_Product" time="0.024" classname="aspire.odoo.Order_01_Create_Product_And_Manufacturing_Order"/>
  <testcase name="TC_02_Create_" time="0.001" classname="aspire.odoo.Order_01_Create_Product_And_Manufacturing_Order"/>
</testsuite> <!-- aspire.odoo.Order_01_Create_Product_And_Manufacturing_Order -->
